<?xml version="1.0" encoding="UTF-8"?>
<testng-results skipped="0" failed="1" ignored="0" total="4" passed="3">
  <reporter-output>
  </reporter-output>
  <suite name="Default suite" duration-ms="19412" started-at="2019-06-19T09:07:04Z" finished-at="2019-06-19T09:07:24Z">
    <groups>
    </groups>
    <test name="Default test" duration-ms="19412" started-at="2019-06-19T09:07:04Z" finished-at="2019-06-19T09:07:24Z">
      <class name="testmeapp.tests.OnlineShoppingTest">
        <test-method status="PASS" signature="startReportBeforeTest()[pri:0, instance:testmeapp.tests.OnlineShoppingTest@68c4039c]" name="startReportBeforeTest" is-config="true" duration-ms="18" started-at="2019-06-19T09:07:04Z" finished-at="2019-06-19T09:07:04Z">
          <reporter-output>
          </reporter-output>
        </test-method> <!-- startReportBeforeTest -->
        <test-method status="PASS" signature="testRegistration()[pri:1, instance:testmeapp.tests.OnlineShoppingTest@68c4039c]" name="testRegistration" duration-ms="11084" started-at="2019-06-19T09:07:04Z" finished-at="2019-06-19T09:07:15Z">
          <reporter-output>
          </reporter-output>
        </test-method> <!-- testRegistration -->
        <test-method status="PASS" signature="getResultAfterMethod()[pri:0, instance:testmeapp.tests.OnlineShoppingTest@68c4039c]" name="getResultAfterMethod" is-config="true" duration-ms="0" started-at="2019-06-19T09:07:15Z" finished-at="2019-06-19T09:07:15Z">
          <reporter-output>
          </reporter-output>
        </test-method> <!-- getResultAfterMethod -->
        <test-method status="PASS" signature="testLogin()[pri:2, instance:testmeapp.tests.OnlineShoppingTest@68c4039c]" name="testLogin" duration-ms="922" started-at="2019-06-19T09:07:15Z" finished-at="2019-06-19T09:07:16Z">
          <reporter-output>
          </reporter-output>
        </test-method> <!-- testLogin -->
        <test-method status="PASS" signature="getResultAfterMethod()[pri:0, instance:testmeapp.tests.OnlineShoppingTest@68c4039c]" name="getResultAfterMethod" is-config="true" duration-ms="1" started-at="2019-06-19T09:07:16Z" finished-at="2019-06-19T09:07:16Z">
          <reporter-output>
          </reporter-output>
        </test-method> <!-- getResultAfterMethod -->
        <test-method status="PASS" signature="testCart()[pri:3, instance:testmeapp.tests.OnlineShoppingTest@68c4039c]" name="testCart" duration-ms="1130" started-at="2019-06-19T09:07:16Z" finished-at="2019-06-19T09:07:18Z">
          <reporter-output>
          </reporter-output>
        </test-method> <!-- testCart -->
        <test-method status="PASS" signature="getResultAfterMethod()[pri:0, instance:testmeapp.tests.OnlineShoppingTest@68c4039c]" name="getResultAfterMethod" is-config="true" duration-ms="0" started-at="2019-06-19T09:07:18Z" finished-at="2019-06-19T09:07:18Z">
          <reporter-output>
          </reporter-output>
        </test-method> <!-- getResultAfterMethod -->
        <test-method status="FAIL" signature="testPayment()[pri:4, instance:testmeapp.tests.OnlineShoppingTest@68c4039c]" name="testPayment" duration-ms="6220" started-at="2019-06-19T09:07:18Z" finished-at="2019-06-19T09:07:24Z">
          <exception class="java.lang.AssertionError">
            <message>
              <![CDATA[expected [50055] but found [[[ChromeDriver: chrome on XP (a2c8ef32c761faabab47a5bd662f2b13)] -> xpath: //table[@class='table']/tbody/tr/td[1]]]]]>
            </message>
            <full-stacktrace>
              <![CDATA[java.lang.AssertionError: expected [50055] but found [[[ChromeDriver: chrome on XP (a2c8ef32c761faabab47a5bd662f2b13)] -> xpath: //table[@class='table']/tbody/tr/td[1]]]
at org.testng.Assert.fail(Assert.java:96)
at org.testng.Assert.failNotEquals(Assert.java:776)
at org.testng.Assert.assertEqualsImpl(Assert.java:137)
at org.testng.Assert.assertEquals(Assert.java:118)
at org.testng.Assert.assertEquals(Assert.java:442)
at testmeapp.tests.OnlineShoppingTest.testPayment(OnlineShoppingTest.java:89)
at sun.reflect.NativeMethodAccessorImpl.invoke0(Native Method)
at sun.reflect.NativeMethodAccessorImpl.invoke(Unknown Source)
at sun.reflect.DelegatingMethodAccessorImpl.invoke(Unknown Source)
at java.lang.reflect.Method.invoke(Unknown Source)
at org.testng.internal.MethodInvocationHelper.invokeMethod(MethodInvocationHelper.java:124)
at org.testng.internal.Invoker.invokeMethod(Invoker.java:583)
at org.testng.internal.Invoker.invokeTestMethod(Invoker.java:719)
at org.testng.internal.Invoker.invokeTestMethods(Invoker.java:989)
at org.testng.internal.TestMethodWorker.invokeTestMethods(TestMethodWorker.java:125)
at org.testng.internal.TestMethodWorker.run(TestMethodWorker.java:109)
at org.testng.TestRunner.privateRun(TestRunner.java:648)
at org.testng.TestRunner.run(TestRunner.java:505)
at org.testng.SuiteRunner.runTest(SuiteRunner.java:455)
at org.testng.SuiteRunner.runSequentially(SuiteRunner.java:450)
at org.testng.SuiteRunner.privateRun(SuiteRunner.java:415)
at org.testng.SuiteRunner.run(SuiteRunner.java:364)
at org.testng.SuiteRunnerWorker.runSuite(SuiteRunnerWorker.java:52)
at org.testng.SuiteRunnerWorker.run(SuiteRunnerWorker.java:84)
at org.testng.TestNG.runSuitesSequentially(TestNG.java:1208)
at org.testng.TestNG.runSuitesLocally(TestNG.java:1137)
at org.testng.TestNG.runSuites(TestNG.java:1049)
at org.testng.TestNG.run(TestNG.java:1017)
at org.testng.remote.AbstractRemoteTestNG.run(AbstractRemoteTestNG.java:115)
at org.testng.remote.RemoteTestNG.initAndRun(RemoteTestNG.java:251)
at org.testng.remote.RemoteTestNG.main(RemoteTestNG.java:77)
]]>
            </full-stacktrace>
          </exception> <!-- java.lang.AssertionError -->
          <reporter-output>
          </reporter-output>
        </test-method> <!-- testPayment -->
        <test-method status="PASS" signature="getResultAfterMethod()[pri:0, instance:testmeapp.tests.OnlineShoppingTest@68c4039c]" name="getResultAfterMethod" is-config="true" duration-ms="0" started-at="2019-06-19T09:07:24Z" finished-at="2019-06-19T09:07:24Z">
          <reporter-output>
          </reporter-output>
        </test-method> <!-- getResultAfterMethod -->
        <test-method status="PASS" signature="endReportAfterTest()[pri:0, instance:testmeapp.tests.OnlineShoppingTest@68c4039c]" name="endReportAfterTest" is-config="true" duration-ms="1" started-at="2019-06-19T09:07:24Z" finished-at="2019-06-19T09:07:24Z">
          <reporter-output>
          </reporter-output>
        </test-method> <!-- endReportAfterTest -->
      </class> <!-- testmeapp.tests.OnlineShoppingTest -->
    </test> <!-- Default test -->
  </suite> <!-- Default suite -->
</testng-results>
