<?xml version="1.0" encoding="UTF-8"?>
<!-- Generated by org.testng.reporters.JUnitReportReporter -->
<testsuite skipped="0" hostname="BDC6-DX-GTWZQG2" name="testmeapp.tests.OnlineShoppingTest" tests="4" failures="1" timestamp="19 Jun 2019 09:07:24 GMT" time="19.357" errors="0">
  <testcase name="testRegistration" time="11.085" classname="testmeapp.tests.OnlineShoppingTest"/>
  <testcase name="testLogin" time="0.922" classname="testmeapp.tests.OnlineShoppingTest"/>
  <testcase name="testCart" time="1.130" classname="testmeapp.tests.OnlineShoppingTest"/>
  <testcase name="testPayment" time="6.220" classname="testmeapp.tests.OnlineShoppingTest">
    <failure type="java.lang.AssertionError" message="expected [50055] but found [[[ChromeDriver: chrome on XP (a2c8ef32c761faabab47a5bd662f2b13)] -&gt; xpath: //table[@class=&#039;table&#039;]/tbody/tr/td[1]]]">
      <![CDATA[java.lang.AssertionError: expected [50055] but found [[[ChromeDriver: chrome on XP (a2c8ef32c761faabab47a5bd662f2b13)] -> xpath: //table[@class='table']/tbody/tr/td[1]]]
at org.testng.Assert.fail(Assert.java:96)
at org.testng.Assert.failNotEquals(Assert.java:776)
at org.testng.Assert.assertEqualsImpl(Assert.java:137)
at org.testng.Assert.assertEquals(Assert.java:118)
at org.testng.Assert.assertEquals(Assert.java:442)
at testmeapp.tests.OnlineShoppingTest.testPayment(OnlineShoppingTest.java:89)
at sun.reflect.NativeMethodAccessorImpl.invoke0(Native Method)
at sun.reflect.NativeMethodAccessorImpl.invoke(Unknown Source)
at sun.reflect.DelegatingMethodAccessorImpl.invoke(Unknown Source)
at java.lang.reflect.Method.invoke(Unknown Source)
at org.testng.internal.MethodInvocationHelper.invokeMethod(MethodInvocationHelper.java:124)
at org.testng.internal.Invoker.invokeMethod(Invoker.java:583)
at org.testng.internal.Invoker.invokeTestMethod(Invoker.java:719)
at org.testng.internal.Invoker.invokeTestMethods(Invoker.java:989)
at org.testng.internal.TestMethodWorker.invokeTestMethods(TestMethodWorker.java:125)
at org.testng.internal.TestMethodWorker.run(TestMethodWorker.java:109)
at org.testng.TestRunner.privateRun(TestRunner.java:648)
at org.testng.TestRunner.run(TestRunner.java:505)
at org.testng.SuiteRunner.runTest(SuiteRunner.java:455)
at org.testng.SuiteRunner.runSequentially(SuiteRunner.java:450)
at org.testng.SuiteRunner.privateRun(SuiteRunner.java:415)
at org.testng.SuiteRunner.run(SuiteRunner.java:364)
at org.testng.SuiteRunnerWorker.runSuite(SuiteRunnerWorker.java:52)
at org.testng.SuiteRunnerWorker.run(SuiteRunnerWorker.java:84)
at org.testng.TestNG.runSuitesSequentially(TestNG.java:1208)
at org.testng.TestNG.runSuitesLocally(TestNG.java:1137)
at org.testng.TestNG.runSuites(TestNG.java:1049)
at org.testng.TestNG.run(TestNG.java:1017)
at org.testng.remote.AbstractRemoteTestNG.run(AbstractRemoteTestNG.java:115)
at org.testng.remote.RemoteTestNG.initAndRun(RemoteTestNG.java:251)
at org.testng.remote.RemoteTestNG.main(RemoteTestNG.java:77)
]]>
    </failure>
  </testcase> <!-- testPayment -->
</testsuite> <!-- testmeapp.tests.OnlineShoppingTest -->
